features/register/build/intermediates/manifest_merge_blame_file/debug/manifest-merger-blame-debug-report.txt
1<?xml version="1.0" encoding="utf-8"?>
2<manifest xmlns:android="http://schemas.android.com/apk/res/android"
3    xmlns:dist="http://schemas.android.com/apk/distribution"
4    featureSplit="register"
5    package="br.com.gabrielmarcos.futuregoals"
6    android:versionCode="1"
7    android:versionName="1.0.0" >
8
9    <uses-sdk
10        android:minSdkVersion="24"
10-->src/main/AndroidManifest.xml
11        android:targetSdkVersion="29" />
11-->src/main/AndroidManifest.xml
12
13    <dist:module
13-->src/main/AndroidManifest.xml:7:5-14:19
14        dist:instant="false"
14-->src/main/AndroidManifest.xml:8:9-29
15        dist:title="@string/title_register" >
15-->src/main/AndroidManifest.xml:9:9-44
16        <dist:delivery>
16-->src/main/AndroidManifest.xml:10:9-12:25
17            <dist:install-time />
17-->src/main/AndroidManifest.xml:11:13-34
18        </dist:delivery>
19
20        <dist:fusing dist:include="false" />
20-->src/main/AndroidManifest.xml:13:9-45
20-->src/main/AndroidManifest.xml:13:22-42
21    </dist:module>
22
23    <application
23-->src/main/AndroidManifest.xml:16:5-18:61
24        android:debuggable="true"
25        android:extractNativeLibs="false"
26        android:supportsRtl="true"
26-->src/main/AndroidManifest.xml:17:9-35
27        android:testOnly="true" />
28
29    <uses-split android:name="navigation" />
30
31</manifest>